mode: atomic
github.com/grafana/loki-release/clients/cmd/docker-driver/config.go:92.54,95.26 2 1
github.com/grafana/loki-release/clients/cmd/docker-driver/config.go:95.26,96.14 1 1
github.com/grafana/loki-release/clients/cmd/docker-driver/config.go:97.18,97.18 0 1
github.com/grafana/loki-release/clients/cmd/docker-driver/config.go:98.29,98.29 0 0
github.com/grafana/loki-release/clients/cmd/docker-driver/config.go:99.24,99.24 0 0
github.com/grafana/loki-release/clients/cmd/docker-driver/config.go:100.26,100.26 0 0
github.com/grafana/loki-release/clients/cmd/docker-driver/config.go:101.25,101.25 0 0
github.com/grafana/loki-release/clients/cmd/docker-driver/config.go:102.28,102.28 0 0
github.com/grafana/loki-release/clients/cmd/docker-driver/config.go:103.23,103.23 0 0
github.com/grafana/loki-release/clients/cmd/docker-driver/config.go:104.22,104.22 0 0
github.com/grafana/loki-release/clients/cmd/docker-driver/config.go:105.23,105.23 0 0
github.com/grafana/loki-release/clients/cmd/docker-driver/config.go:106.24,106.24 0 0
github.com/grafana/loki-release/clients/cmd/docker-driver/config.go:107.24,107.24 0 0
github.com/grafana/loki-release/clients/cmd/docker-driver/config.go:108.25,108.25 0 0
github.com/grafana/loki-release/clients/cmd/docker-driver/config.go:109.25,109.25 0 0
github.com/grafana/loki-release/clients/cmd/docker-driver/config.go:110.25,110.25 0 0
github.com/grafana/loki-release/clients/cmd/docker-driver/config.go:111.29,111.29 0 0
github.com/grafana/loki-release/clients/cmd/docker-driver/config.go:112.33,112.33 0 0
github.com/grafana/loki-release/clients/cmd/docker-driver/config.go:113.23,113.23 0 0
github.com/grafana/loki-release/clients/cmd/docker-driver/config.go:114.22,114.22 0 0
github.com/grafana/loki-release/clients/cmd/docker-driver/config.go:115.18,115.18 0 0
github.com/grafana/loki-release/clients/cmd/docker-driver/config.go:116.20,116.20 0 0
github.com/grafana/loki-release/clients/cmd/docker-driver/config.go:117.17,117.17 0 0
github.com/grafana/loki-release/clients/cmd/docker-driver/config.go:118.14,118.14 0 0
github.com/grafana/loki-release/clients/cmd/docker-driver/config.go:119.20,119.20 0 0
github.com/grafana/loki-release/clients/cmd/docker-driver/config.go:120.19,120.19 0 0
github.com/grafana/loki-release/clients/cmd/docker-driver/config.go:121.19,121.19 0 0
github.com/grafana/loki-release/clients/cmd/docker-driver/config.go:122.15,122.15 0 0
github.com/grafana/loki-release/clients/cmd/docker-driver/config.go:123.26,123.26 0 0
github.com/grafana/loki-release/clients/cmd/docker-driver/config.go:124.11,125.94 1 0
github.com/grafana/loki-release/clients/cmd/docker-driver/config.go:128.2,129.9 2 1
github.com/grafana/loki-release/clients/cmd/docker-driver/config.go:129.9,131.3 1 0
github.com/grafana/loki-release/clients/cmd/docker-driver/config.go:133.2,133.12 1 1
github.com/grafana/loki-release/clients/cmd/docker-driver/config.go:136.55,137.50 1 1
github.com/grafana/loki-release/clients/cmd/docker-driver/config.go:137.50,139.3 1 0
github.com/grafana/loki-release/clients/cmd/docker-driver/config.go:141.2,146.9 4 1
github.com/grafana/loki-release/clients/cmd/docker-driver/config.go:146.9,148.3 1 0
github.com/grafana/loki-release/clients/cmd/docker-driver/config.go:149.2,150.16 2 1
github.com/grafana/loki-release/clients/cmd/docker-driver/config.go:150.16,152.3 1 0
github.com/grafana/loki-release/clients/cmd/docker-driver/config.go:153.2,156.71 2 1
github.com/grafana/loki-release/clients/cmd/docker-driver/config.go:156.71,156.99 1 0
github.com/grafana/loki-release/clients/cmd/docker-driver/config.go:156.113,158.3 1 0
github.com/grafana/loki-release/clients/cmd/docker-driver/config.go:161.2,161.73 1 1
github.com/grafana/loki-release/clients/cmd/docker-driver/config.go:161.73,161.103 1 0
github.com/grafana/loki-release/clients/cmd/docker-driver/config.go:161.117,163.3 1 0
github.com/grafana/loki-release/clients/cmd/docker-driver/config.go:164.2,164.58 1 1
github.com/grafana/loki-release/clients/cmd/docker-driver/config.go:164.58,164.88 1 0
github.com/grafana/loki-release/clients/cmd/docker-driver/config.go:164.102,166.3 1 0
github.com/grafana/loki-release/clients/cmd/docker-driver/config.go:169.2,169.74 1 1
github.com/grafana/loki-release/clients/cmd/docker-driver/config.go:169.74,169.119 1 0
github.com/grafana/loki-release/clients/cmd/docker-driver/config.go:169.133,171.3 1 0
github.com/grafana/loki-release/clients/cmd/docker-driver/config.go:172.2,172.74 1 1
github.com/grafana/loki-release/clients/cmd/docker-driver/config.go:172.74,172.119 1 0
github.com/grafana/loki-release/clients/cmd/docker-driver/config.go:172.133,174.3 1 0
github.com/grafana/loki-release/clients/cmd/docker-driver/config.go:175.2,175.59 1 1
github.com/grafana/loki-release/clients/cmd/docker-driver/config.go:175.59,175.104 1 0
github.com/grafana/loki-release/clients/cmd/docker-driver/config.go:175.118,177.3 1 0
github.com/grafana/loki-release/clients/cmd/docker-driver/config.go:180.2,180.57 1 1
github.com/grafana/loki-release/clients/cmd/docker-driver/config.go:180.57,182.3 1 0
github.com/grafana/loki-release/clients/cmd/docker-driver/config.go:183.2,183.61 1 1
github.com/grafana/loki-release/clients/cmd/docker-driver/config.go:183.61,185.3 1 0
github.com/grafana/loki-release/clients/cmd/docker-driver/config.go:186.2,186.59 1 1
github.com/grafana/loki-release/clients/cmd/docker-driver/config.go:186.59,188.3 1 0
github.com/grafana/loki-release/clients/cmd/docker-driver/config.go:189.2,189.65 1 1
github.com/grafana/loki-release/clients/cmd/docker-driver/config.go:189.65,191.3 1 0
github.com/grafana/loki-release/clients/cmd/docker-driver/config.go:192.2,192.65 1 1
github.com/grafana/loki-release/clients/cmd/docker-driver/config.go:192.65,194.17 2 0
github.com/grafana/loki-release/clients/cmd/docker-driver/config.go:194.17,196.4 1 0
github.com/grafana/loki-release/clients/cmd/docker-driver/config.go:197.3,197.69 1 0
github.com/grafana/loki-release/clients/cmd/docker-driver/config.go:199.2,199.58 1 1
github.com/grafana/loki-release/clients/cmd/docker-driver/config.go:199.58,201.17 2 0
github.com/grafana/loki-release/clients/cmd/docker-driver/config.go:201.17,203.4 1 0
github.com/grafana/loki-release/clients/cmd/docker-driver/config.go:204.3,204.46 1 0
github.com/grafana/loki-release/clients/cmd/docker-driver/config.go:208.2,209.26 2 1
github.com/grafana/loki-release/clients/cmd/docker-driver/config.go:209.26,211.3 1 0
github.com/grafana/loki-release/clients/cmd/docker-driver/config.go:214.2,215.9 2 1
github.com/grafana/loki-release/clients/cmd/docker-driver/config.go:215.9,217.3 1 1
github.com/grafana/loki-release/clients/cmd/docker-driver/config.go:218.2,219.25 2 1
github.com/grafana/loki-release/clients/cmd/docker-driver/config.go:219.25,221.24 2 1
github.com/grafana/loki-release/clients/cmd/docker-driver/config.go:221.24,223.4 1 0
github.com/grafana/loki-release/clients/cmd/docker-driver/config.go:224.3,225.27 2 1
github.com/grafana/loki-release/clients/cmd/docker-driver/config.go:225.27,227.4 1 0
github.com/grafana/loki-release/clients/cmd/docker-driver/config.go:230.3,231.17 2 1
github.com/grafana/loki-release/clients/cmd/docker-driver/config.go:231.17,233.4 1 0
github.com/grafana/loki-release/clients/cmd/docker-driver/config.go:234.3,235.28 2 1
github.com/grafana/loki-release/clients/cmd/docker-driver/config.go:235.28,237.4 1 0
github.com/grafana/loki-release/clients/cmd/docker-driver/config.go:238.3,238.33 1 1
github.com/grafana/loki-release/clients/cmd/docker-driver/config.go:242.2,242.65 1 1
github.com/grafana/loki-release/clients/cmd/docker-driver/config.go:242.65,244.3 1 0
github.com/grafana/loki-release/clients/cmd/docker-driver/config.go:245.2,245.16 1 1
github.com/grafana/loki-release/clients/cmd/docker-driver/config.go:245.16,247.3 1 0
github.com/grafana/loki-release/clients/cmd/docker-driver/config.go:250.2,251.24 2 1
github.com/grafana/loki-release/clients/cmd/docker-driver/config.go:251.24,253.3 1 0
github.com/grafana/loki-release/clients/cmd/docker-driver/config.go:254.2,255.22 2 1
github.com/grafana/loki-release/clients/cmd/docker-driver/config.go:255.22,257.3 1 0
github.com/grafana/loki-release/clients/cmd/docker-driver/config.go:260.2,261.26 2 1
github.com/grafana/loki-release/clients/cmd/docker-driver/config.go:261.26,263.3 1 0
github.com/grafana/loki-release/clients/cmd/docker-driver/config.go:264.2,265.26 2 1
github.com/grafana/loki-release/clients/cmd/docker-driver/config.go:265.26,267.3 1 0
github.com/grafana/loki-release/clients/cmd/docker-driver/config.go:269.2,269.32 1 1
github.com/grafana/loki-release/clients/cmd/docker-driver/config.go:269.32,271.27 2 0
github.com/grafana/loki-release/clients/cmd/docker-driver/config.go:271.27,273.4 1 0
github.com/grafana/loki-release/clients/cmd/docker-driver/config.go:274.3,275.28 2 0
github.com/grafana/loki-release/clients/cmd/docker-driver/config.go:275.28,277.4 1 0
github.com/grafana/loki-release/clients/cmd/docker-driver/config.go:278.3,278.33 1 0
github.com/grafana/loki-release/clients/cmd/docker-driver/config.go:282.2,283.16 2 1
github.com/grafana/loki-release/clients/cmd/docker-driver/config.go:283.16,285.3 1 1
github.com/grafana/loki-release/clients/cmd/docker-driver/config.go:286.2,289.82 2 1
github.com/grafana/loki-release/clients/cmd/docker-driver/config.go:289.82,291.17 2 0
github.com/grafana/loki-release/clients/cmd/docker-driver/config.go:291.17,293.4 1 0
github.com/grafana/loki-release/clients/cmd/docker-driver/config.go:294.3,294.21 1 0
github.com/grafana/loki-release/clients/cmd/docker-driver/config.go:298.2,299.16 2 1
github.com/grafana/loki-release/clients/cmd/docker-driver/config.go:299.16,301.3 1 0
github.com/grafana/loki-release/clients/cmd/docker-driver/config.go:302.2,306.8 1 1
github.com/grafana/loki-release/clients/cmd/docker-driver/config.go:309.64,313.24 4 7
github.com/grafana/loki-release/clients/cmd/docker-driver/config.go:313.24,315.3 1 1
github.com/grafana/loki-release/clients/cmd/docker-driver/config.go:316.2,316.12 1 6
github.com/grafana/loki-release/clients/cmd/docker-driver/config.go:316.12,317.61 1 2
github.com/grafana/loki-release/clients/cmd/docker-driver/config.go:317.61,319.4 1 1
github.com/grafana/loki-release/clients/cmd/docker-driver/config.go:321.2,321.14 1 5
github.com/grafana/loki-release/clients/cmd/docker-driver/config.go:321.14,322.96 1 2
github.com/grafana/loki-release/clients/cmd/docker-driver/config.go:322.96,324.4 1 1
github.com/grafana/loki-release/clients/cmd/docker-driver/config.go:326.2,326.22 1 4
github.com/grafana/loki-release/clients/cmd/docker-driver/config.go:329.81,331.16 2 1
github.com/grafana/loki-release/clients/cmd/docker-driver/config.go:331.16,333.3 1 0
github.com/grafana/loki-release/clients/cmd/docker-driver/config.go:334.2,335.49 2 1
github.com/grafana/loki-release/clients/cmd/docker-driver/config.go:335.49,337.3 1 0
github.com/grafana/loki-release/clients/cmd/docker-driver/config.go:339.2,339.26 1 1
github.com/grafana/loki-release/clients/cmd/docker-driver/config.go:342.85,343.39 1 4
github.com/grafana/loki-release/clients/cmd/docker-driver/config.go:343.39,345.17 2 0
github.com/grafana/loki-release/clients/cmd/docker-driver/config.go:345.17,347.4 1 0
github.com/grafana/loki-release/clients/cmd/docker-driver/config.go:348.3,348.11 1 0
github.com/grafana/loki-release/clients/cmd/docker-driver/config.go:350.2,350.12 1 4
github.com/grafana/loki-release/clients/cmd/docker-driver/config.go:353.70,354.39 1 2
github.com/grafana/loki-release/clients/cmd/docker-driver/config.go:354.39,356.17 2 0
github.com/grafana/loki-release/clients/cmd/docker-driver/config.go:356.17,358.4 1 0
github.com/grafana/loki-release/clients/cmd/docker-driver/config.go:359.3,359.11 1 0
github.com/grafana/loki-release/clients/cmd/docker-driver/config.go:361.2,361.12 1 2
github.com/grafana/loki-release/clients/cmd/docker-driver/config.go:364.79,366.77 2 2
github.com/grafana/loki-release/clients/cmd/docker-driver/config.go:366.77,368.3 1 1
github.com/grafana/loki-release/clients/cmd/docker-driver/config.go:369.2,370.58 2 1
github.com/grafana/loki-release/clients/cmd/docker-driver/config.go:373.84,375.24 2 0
github.com/grafana/loki-release/clients/cmd/docker-driver/config.go:375.24,377.3 1 0
github.com/grafana/loki-release/clients/cmd/docker-driver/config.go:378.2,379.16 2 0
github.com/grafana/loki-release/clients/cmd/docker-driver/config.go:379.16,381.3 1 0
github.com/grafana/loki-release/clients/cmd/docker-driver/config.go:382.2,382.15 1 0
github.com/grafana/loki-release/clients/cmd/docker-driver/config.go:386.57,388.16 2 2
github.com/grafana/loki-release/clients/cmd/docker-driver/config.go:388.16,390.3 1 1
github.com/grafana/loki-release/clients/cmd/docker-driver/config.go:392.2,392.39 1 1
github.com/grafana/loki-release/clients/cmd/docker-driver/driver.go:45.27,46.41 1 0
github.com/grafana/loki-release/clients/cmd/docker-driver/driver.go:46.41,48.3 1 0
github.com/grafana/loki-release/clients/cmd/docker-driver/driver.go:49.2,49.40 1 0
github.com/grafana/loki-release/clients/cmd/docker-driver/driver.go:49.40,51.3 1 0
github.com/grafana/loki-release/clients/cmd/docker-driver/driver.go:52.2,52.20 1 0
github.com/grafana/loki-release/clients/cmd/docker-driver/driver.go:52.20,54.3 1 0
github.com/grafana/loki-release/clients/cmd/docker-driver/driver.go:55.2,55.40 1 0
github.com/grafana/loki-release/clients/cmd/docker-driver/driver.go:55.40,57.3 1 0
github.com/grafana/loki-release/clients/cmd/docker-driver/driver.go:60.43,66.2 1 0
github.com/grafana/loki-release/clients/cmd/docker-driver/driver.go:68.70,70.39 2 0
github.com/grafana/loki-release/clients/cmd/docker-driver/driver.go:70.39,73.3 2 0
github.com/grafana/loki-release/clients/cmd/docker-driver/driver.go:74.2,80.16 6 0
github.com/grafana/loki-release/clients/cmd/docker-driver/driver.go:80.16,82.3 1 0
github.com/grafana/loki-release/clients/cmd/docker-driver/driver.go:84.2,85.16 2 0
github.com/grafana/loki-release/clients/cmd/docker-driver/driver.go:85.16,87.3 1 0
github.com/grafana/loki-release/clients/cmd/docker-driver/driver.go:89.2,90.13 2 0
github.com/grafana/loki-release/clients/cmd/docker-driver/driver.go:90.13,91.51 1 0
github.com/grafana/loki-release/clients/cmd/docker-driver/driver.go:91.51,93.4 1 0
github.com/grafana/loki-release/clients/cmd/docker-driver/driver.go:95.3,96.17 2 0
github.com/grafana/loki-release/clients/cmd/docker-driver/driver.go:96.17,98.4 1 0
github.com/grafana/loki-release/clients/cmd/docker-driver/driver.go:101.2,102.16 2 0
github.com/grafana/loki-release/clients/cmd/docker-driver/driver.go:102.16,104.3 1 0
github.com/grafana/loki-release/clients/cmd/docker-driver/driver.go:105.2,106.16 2 0
github.com/grafana/loki-release/clients/cmd/docker-driver/driver.go:106.16,108.3 1 0
github.com/grafana/loki-release/clients/cmd/docker-driver/driver.go:110.2,117.12 7 0
github.com/grafana/loki-release/clients/cmd/docker-driver/driver.go:120.43,125.9 5 0
github.com/grafana/loki-release/clients/cmd/docker-driver/driver.go:125.9,127.3 1 0
github.com/grafana/loki-release/clients/cmd/docker-driver/driver.go:128.2,130.37 3 0
github.com/grafana/loki-release/clients/cmd/docker-driver/driver.go:130.37,132.49 1 0
github.com/grafana/loki-release/clients/cmd/docker-driver/driver.go:132.49,134.4 1 0
github.com/grafana/loki-release/clients/cmd/docker-driver/driver.go:138.30,143.6 5 0
github.com/grafana/loki-release/clients/cmd/docker-driver/driver.go:143.6,144.43 1 0
github.com/grafana/loki-release/clients/cmd/docker-driver/driver.go:144.43,145.100 1 0
github.com/grafana/loki-release/clients/cmd/docker-driver/driver.go:145.100,148.5 2 0
github.com/grafana/loki-release/clients/cmd/docker-driver/driver.go:149.4,149.76 1 0
github.com/grafana/loki-release/clients/cmd/docker-driver/driver.go:151.3,154.36 4 0
github.com/grafana/loki-release/clients/cmd/docker-driver/driver.go:154.36,155.31 1 0
github.com/grafana/loki-release/clients/cmd/docker-driver/driver.go:155.31,157.5 1 0
github.com/grafana/loki-release/clients/cmd/docker-driver/driver.go:158.4,160.66 3 0
github.com/grafana/loki-release/clients/cmd/docker-driver/driver.go:162.3,165.44 2 0
github.com/grafana/loki-release/clients/cmd/docker-driver/driver.go:165.44,167.4 1 0
github.com/grafana/loki-release/clients/cmd/docker-driver/driver.go:168.3,168.22 1 0
github.com/grafana/loki-release/clients/cmd/docker-driver/driver.go:168.22,169.45 1 0
github.com/grafana/loki-release/clients/cmd/docker-driver/driver.go:169.45,171.13 2 0
github.com/grafana/loki-release/clients/cmd/docker-driver/driver.go:175.3,175.14 1 0
github.com/grafana/loki-release/clients/cmd/docker-driver/driver.go:179.94,183.13 4 0
github.com/grafana/loki-release/clients/cmd/docker-driver/driver.go:183.13,185.3 1 0
github.com/grafana/loki-release/clients/cmd/docker-driver/driver.go:187.2,187.21 1 0
github.com/grafana/loki-release/clients/cmd/docker-driver/driver.go:187.21,189.3 1 0
github.com/grafana/loki-release/clients/cmd/docker-driver/driver.go:191.2,193.9 3 0
github.com/grafana/loki-release/clients/cmd/docker-driver/driver.go:193.9,195.3 1 0
github.com/grafana/loki-release/clients/cmd/docker-driver/driver.go:197.2,197.12 1 0
github.com/grafana/loki-release/clients/cmd/docker-driver/driver.go:197.12,205.7 6 0
github.com/grafana/loki-release/clients/cmd/docker-driver/driver.go:205.7,206.11 1 0
github.com/grafana/loki-release/clients/cmd/docker-driver/driver.go:207.34,208.12 1 0
github.com/grafana/loki-release/clients/cmd/docker-driver/driver.go:208.12,211.6 2 0
github.com/grafana/loki-release/clients/cmd/docker-driver/driver.go:213.5,218.46 5 0
github.com/grafana/loki-release/clients/cmd/docker-driver/driver.go:218.46,221.6 2 0
github.com/grafana/loki-release/clients/cmd/docker-driver/driver.go:222.30,224.11 2 0
github.com/grafana/loki-release/clients/cmd/docker-driver/driver.go:227.4,227.15 1 0
github.com/grafana/loki-release/clients/cmd/docker-driver/driver.go:231.2,231.15 1 0
github.com/grafana/loki-release/clients/cmd/docker-driver/http.go:33.42,34.87 1 0
github.com/grafana/loki-release/clients/cmd/docker-driver/http.go:34.87,36.62 2 0
github.com/grafana/loki-release/clients/cmd/docker-driver/http.go:36.62,39.4 2 0
github.com/grafana/loki-release/clients/cmd/docker-driver/http.go:40.3,40.33 1 0
github.com/grafana/loki-release/clients/cmd/docker-driver/http.go:40.33,43.4 2 0
github.com/grafana/loki-release/clients/cmd/docker-driver/http.go:45.3,46.18 2 0
github.com/grafana/loki-release/clients/cmd/docker-driver/http.go:49.2,49.86 1 0
github.com/grafana/loki-release/clients/cmd/docker-driver/http.go:49.86,51.62 2 0
github.com/grafana/loki-release/clients/cmd/docker-driver/http.go:51.62,54.4 2 0
github.com/grafana/loki-release/clients/cmd/docker-driver/http.go:55.3,56.18 2 0
github.com/grafana/loki-release/clients/cmd/docker-driver/http.go:59.2,59.87 1 0
github.com/grafana/loki-release/clients/cmd/docker-driver/http.go:59.87,63.3 1 0
github.com/grafana/loki-release/clients/cmd/docker-driver/http.go:65.2,65.83 1 0
github.com/grafana/loki-release/clients/cmd/docker-driver/http.go:65.83,67.62 2 0
github.com/grafana/loki-release/clients/cmd/docker-driver/http.go:67.62,70.4 2 0
github.com/grafana/loki-release/clients/cmd/docker-driver/http.go:72.3,73.17 2 0
github.com/grafana/loki-release/clients/cmd/docker-driver/http.go:73.17,76.4 2 0
github.com/grafana/loki-release/clients/cmd/docker-driver/http.go:77.3,81.29 4 0
github.com/grafana/loki-release/clients/cmd/docker-driver/http.go:89.38,91.16 2 0
github.com/grafana/loki-release/clients/cmd/docker-driver/http.go:91.16,93.3 1 0
github.com/grafana/loki-release/clients/cmd/docker-driver/http.go:94.2,94.37 1 0
github.com/grafana/loki-release/clients/cmd/docker-driver/loki.go:35.72,38.16 3 1
github.com/grafana/loki-release/clients/cmd/docker-driver/loki.go:38.16,40.3 1 0
github.com/grafana/loki-release/clients/cmd/docker-driver/loki.go:41.2,43.16 3 1
github.com/grafana/loki-release/clients/cmd/docker-driver/loki.go:43.16,45.3 1 0
github.com/grafana/loki-release/clients/cmd/docker-driver/loki.go:46.2,47.20 2 1
github.com/grafana/loki-release/clients/cmd/docker-driver/loki.go:47.21,47.22 0 1
github.com/grafana/loki-release/clients/cmd/docker-driver/loki.go:48.2,48.43 1 1
github.com/grafana/loki-release/clients/cmd/docker-driver/loki.go:48.43,50.17 2 0
github.com/grafana/loki-release/clients/cmd/docker-driver/loki.go:50.17,52.4 1 0
github.com/grafana/loki-release/clients/cmd/docker-driver/loki.go:53.3,54.22 2 0
github.com/grafana/loki-release/clients/cmd/docker-driver/loki.go:56.2,62.8 1 1
github.com/grafana/loki-release/clients/cmd/docker-driver/loki.go:66.45,70.14 3 2
github.com/grafana/loki-release/clients/cmd/docker-driver/loki.go:70.14,72.3 1 1
github.com/grafana/loki-release/clients/cmd/docker-driver/loki.go:74.2,74.36 1 1
github.com/grafana/loki-release/clients/cmd/docker-driver/loki.go:74.36,76.3 1 0
github.com/grafana/loki-release/clients/cmd/docker-driver/loki.go:77.2,78.20 2 1
github.com/grafana/loki-release/clients/cmd/docker-driver/loki.go:78.20,80.3 1 0
github.com/grafana/loki-release/clients/cmd/docker-driver/loki.go:81.2,88.12 2 1
github.com/grafana/loki-release/clients/cmd/docker-driver/loki.go:92.30,94.2 1 0
github.com/grafana/loki-release/clients/cmd/docker-driver/loki.go:97.30,104.2 6 1
github.com/grafana/loki-release/clients/cmd/docker-driver/main.go:23.13,25.20 2 0
github.com/grafana/loki-release/clients/cmd/docker-driver/main.go:25.20,27.3 1 0
github.com/grafana/loki-release/clients/cmd/docker-driver/main.go:29.2,29.47 1 0
github.com/grafana/loki-release/clients/cmd/docker-driver/main.go:29.47,32.3 2 0
github.com/grafana/loki-release/clients/cmd/docker-driver/main.go:33.2,41.21 6 0
github.com/grafana/loki-release/clients/cmd/docker-driver/main.go:41.21,42.13 1 0
github.com/grafana/loki-release/clients/cmd/docker-driver/main.go:42.13,45.4 2 0
github.com/grafana/loki-release/clients/cmd/docker-driver/main.go:48.2,48.54 1 0
github.com/grafana/loki-release/clients/cmd/docker-driver/main.go:48.54,49.13 1 0
github.com/grafana/loki-release/clients/cmd/docker-driver/main.go:53.44,60.2 5 0
